{"C:\\Users\\OsmondJain\\Desktop\\Team-Directory-App\\src\\App.tsx": {"path":"C:\\Users\\OsmondJain\\Desktop\\Team-Directory-App\\src\\App.tsx","all":true,"statementMap":{"0":{"start":{"line":1,"column":0},"end":{"line":1,"column":19}},"1":{"start":{"line":2,"column":0},"end":{"line":2,"column":32}},"2":{"start":{"line":3,"column":0},"end":{"line":3,"column":51}},"3":{"start":{"line":4,"column":0},"end":{"line":4,"column":50}},"4":{"start":{"line":5,"column":0},"end":{"line":5,"column":59}},"5":{"start":{"line":6,"column":0},"end":{"line":6,"column":46}},"6":{"start":{"line":7,"column":0},"end":{"line":7,"column":54}},"7":{"start":{"line":8,"column":0},"end":{"line":8,"column":49}},"9":{"start":{"line":10,"column":0},"end":{"line":10,"column":16}},"10":{"start":{"line":11,"column":0},"end":{"line":11,"column":132}},"11":{"start":{"line":12,"column":0},"end":{"line":12,"column":19}},"12":{"start":{"line":13,"column":0},"end":{"line":13,"column":26}},"13":{"start":{"line":14,"column":0},"end":{"line":14,"column":43}},"14":{"start":{"line":15,"column":0},"end":{"line":15,"column":61}},"15":{"start":{"line":16,"column":0},"end":{"line":16,"column":5}},"16":{"start":{"line":17,"column":0},"end":{"line":17,"column":8}},"18":{"start":{"line":19,"column":0},"end":{"line":19,"column":10}},"19":{"start":{"line":20,"column":0},"end":{"line":20,"column":6}},"20":{"start":{"line":21,"column":0},"end":{"line":21,"column":40}},"21":{"start":{"line":22,"column":0},"end":{"line":22,"column":33}},"25":{"start":{"line":26,"column":0},"end":{"line":26,"column":1}},"27":{"start":{"line":28,"column":0},"end":{"line":28,"column":101}},"28":{"start":{"line":29,"column":0},"end":{"line":29,"column":36}},"29":{"start":{"line":30,"column":0},"end":{"line":30,"column":3}},"30":{"start":{"line":31,"column":0},"end":{"line":31,"column":14}},"31":{"start":{"line":32,"column":0},"end":{"line":32,"column":31}},"32":{"start":{"line":33,"column":0},"end":{"line":33,"column":4}},"33":{"start":{"line":34,"column":0},"end":{"line":34,"column":3}},"34":{"start":{"line":35,"column":0},"end":{"line":35,"column":27}},"35":{"start":{"line":36,"column":0},"end":{"line":36,"column":25}},"36":{"start":{"line":37,"column":0},"end":{"line":37,"column":3}},"37":{"start":{"line":38,"column":0},"end":{"line":38,"column":3}},"39":{"start":{"line":40,"column":0},"end":{"line":40,"column":19}}},"s":{"0":0,"1":0,"2":0,"3":0,"4":0,"5":0,"6":0,"7":0,"9":0,"10":0,"11":0,"12":0,"13":0,"14":0,"15":0,"16":0,"18":0,"19":0,"20":0,"21":0,"25":0,"27":0,"28":0,"29":0,"30":0,"31":0,"32":0,"33":0,"34":0,"35":0,"36":0,"37":0,"39":0},"branchMap":{"0":{"type":"branch","line":1,"loc":{"start":{"line":1,"column":1094},"end":{"line":40,"column":19}},"locations":[{"start":{"line":1,"column":1094},"end":{"line":40,"column":19}}]}},"b":{"0":[0]},"fnMap":{"0":{"name":"(empty-report)","decl":{"start":{"line":1,"column":1094},"end":{"line":40,"column":19}},"loc":{"start":{"line":1,"column":1094},"end":{"line":40,"column":19}},"line":1}},"f":{"0":0}}
,"C:\\Users\\OsmondJain\\Desktop\\Team-Directory-App\\src\\main.tsx": {"path":"C:\\Users\\OsmondJain\\Desktop\\Team-Directory-App\\src\\main.tsx","all":true,"statementMap":{"0":{"start":{"line":1,"column":0},"end":{"line":1,"column":34}},"1":{"start":{"line":2,"column":0},"end":{"line":2,"column":45}},"2":{"start":{"line":3,"column":0},"end":{"line":3,"column":20}},"3":{"start":{"line":4,"column":0},"end":{"line":4,"column":27}},"5":{"start":{"line":6,"column":0},"end":{"line":6,"column":52}},"6":{"start":{"line":7,"column":0},"end":{"line":7,"column":14}},"7":{"start":{"line":8,"column":0},"end":{"line":8,"column":11}}},"s":{"0":0,"1":0,"2":0,"3":0,"5":0,"6":0,"7":0},"branchMap":{"0":{"type":"branch","line":1,"loc":{"start":{"line":1,"column":229},"end":{"line":10,"column":1}},"locations":[{"start":{"line":1,"column":229},"end":{"line":10,"column":1}}]}},"b":{"0":[0]},"fnMap":{"0":{"name":"(empty-report)","decl":{"start":{"line":1,"column":229},"end":{"line":10,"column":1}},"loc":{"start":{"line":1,"column":229},"end":{"line":10,"column":1}},"line":1}},"f":{"0":0}}
,"C:\\Users\\OsmondJain\\Desktop\\Team-Directory-App\\src\\API\\getTeamMembers.ts": {"path":"C:\\Users\\OsmondJain\\Desktop\\Team-Directory-App\\src\\API\\getTeamMembers.ts","all":false,"statementMap":{"0":{"start":{"line":1,"column":0},"end":{"line":1,"column":57}},"3":{"start":{"line":4,"column":0},"end":{"line":4,"column":85}},"4":{"start":{"line":5,"column":0},"end":{"line":5,"column":74}},"5":{"start":{"line":6,"column":0},"end":{"line":6,"column":61}},"6":{"start":{"line":7,"column":0},"end":{"line":7,"column":75}},"7":{"start":{"line":8,"column":0},"end":{"line":8,"column":22}},"9":{"start":{"line":10,"column":0},"end":{"line":10,"column":46}},"10":{"start":{"line":11,"column":0},"end":{"line":11,"column":67}},"12":{"start":{"line":13,"column":0},"end":{"line":13,"column":46}},"13":{"start":{"line":14,"column":0},"end":{"line":14,"column":18}},"14":{"start":{"line":15,"column":0},"end":{"line":15,"column":59}},"15":{"start":{"line":16,"column":0},"end":{"line":16,"column":53}},"16":{"start":{"line":17,"column":0},"end":{"line":17,"column":106}},"17":{"start":{"line":18,"column":0},"end":{"line":18,"column":28}},"18":{"start":{"line":19,"column":0},"end":{"line":19,"column":13}},"19":{"start":{"line":20,"column":0},"end":{"line":20,"column":11}},"20":{"start":{"line":21,"column":0},"end":{"line":21,"column":5}},"22":{"start":{"line":23,"column":0},"end":{"line":23,"column":89}},"23":{"start":{"line":24,"column":0},"end":{"line":24,"column":51}},"24":{"start":{"line":25,"column":0},"end":{"line":25,"column":12}},"25":{"start":{"line":26,"column":0},"end":{"line":26,"column":73}},"26":{"start":{"line":27,"column":0},"end":{"line":27,"column":73}},"27":{"start":{"line":28,"column":0},"end":{"line":28,"column":71}},"28":{"start":{"line":29,"column":0},"end":{"line":29,"column":11}},"29":{"start":{"line":30,"column":0},"end":{"line":30,"column":24}},"30":{"start":{"line":31,"column":0},"end":{"line":31,"column":9}},"31":{"start":{"line":32,"column":0},"end":{"line":32,"column":5}},"33":{"start":{"line":34,"column":0},"end":{"line":34,"column":102}},"34":{"start":{"line":35,"column":0},"end":{"line":35,"column":53}},"37":{"start":{"line":38,"column":0},"end":{"line":38,"column":24}},"38":{"start":{"line":39,"column":0},"end":{"line":39,"column":1}}},"s":{"0":1,"3":1,"4":1,"5":3,"6":3,"7":3,"9":3,"10":3,"12":3,"13":3,"14":1,"15":1,"16":11,"17":0,"18":0,"19":11,"20":1,"22":2,"23":2,"24":22,"25":22,"26":10,"27":10,"28":22,"29":12,"30":12,"31":22,"33":2,"34":2,"37":2,"38":2},"branchMap":{"0":{"type":"branch","line":5,"loc":{"start":{"line":5,"column":7},"end":{"line":39,"column":1}},"locations":[{"start":{"line":5,"column":7},"end":{"line":39,"column":1}}]},"1":{"type":"branch","line":7,"loc":{"start":{"line":7,"column":17},"end":{"line":7,"column":66}},"locations":[{"start":{"line":7,"column":17},"end":{"line":7,"column":66}}]},"2":{"type":"branch","line":14,"loc":{"start":{"line":14,"column":17},"end":{"line":21,"column":5}},"locations":[{"start":{"line":14,"column":17},"end":{"line":21,"column":5}}]},"3":{"type":"branch","line":21,"loc":{"start":{"line":21,"column":4},"end":{"line":39,"column":1}},"locations":[{"start":{"line":21,"column":4},"end":{"line":39,"column":1}}]},"4":{"type":"branch","line":11,"loc":{"start":{"line":11,"column":29},"end":{"line":11,"column":67}},"locations":[{"start":{"line":11,"column":29},"end":{"line":11,"column":67}}]},"5":{"type":"branch","line":16,"loc":{"start":{"line":16,"column":27},"end":{"line":20,"column":11}},"locations":[{"start":{"line":16,"column":27},"end":{"line":20,"column":11}}]},"6":{"type":"branch","line":17,"loc":{"start":{"line":17,"column":105},"end":{"line":19,"column":13}},"locations":[{"start":{"line":17,"column":105},"end":{"line":19,"column":13}}]},"7":{"type":"branch","line":24,"loc":{"start":{"line":24,"column":4},"end":{"line":32,"column":5}},"locations":[{"start":{"line":24,"column":4},"end":{"line":32,"column":5}}]},"8":{"type":"branch","line":26,"loc":{"start":{"line":26,"column":67},"end":{"line":27,"column":73}},"locations":[{"start":{"line":26,"column":67},"end":{"line":27,"column":73}}]},"9":{"type":"branch","line":27,"loc":{"start":{"line":27,"column":67},"end":{"line":28,"column":71}},"locations":[{"start":{"line":27,"column":67},"end":{"line":28,"column":71}}]},"10":{"type":"branch","line":29,"loc":{"start":{"line":29,"column":10},"end":{"line":31,"column":9}},"locations":[{"start":{"line":29,"column":10},"end":{"line":31,"column":9}}]}},"b":{"0":[3],"1":[0],"2":[1],"3":[2],"4":[3],"5":[11],"6":[0],"7":[22],"8":[10],"9":[10],"10":[12]},"fnMap":{"0":{"name":"getTeamMembers","decl":{"start":{"line":5,"column":7},"end":{"line":39,"column":1}},"loc":{"start":{"line":5,"column":7},"end":{"line":39,"column":1}},"line":5},"1":{"name":"filterDatabase","decl":{"start":{"line":24,"column":4},"end":{"line":32,"column":5}},"loc":{"start":{"line":24,"column":4},"end":{"line":32,"column":5}},"line":24}},"f":{"0":3,"1":22}}
,"C:\\Users\\OsmondJain\\Desktop\\Team-Directory-App\\src\\API\\updateLocalStorageDatabase.ts": {"path":"C:\\Users\\OsmondJain\\Desktop\\Team-Directory-App\\src\\API\\updateLocalStorageDatabase.ts","all":false,"statementMap":{"1":{"start":{"line":2,"column":0},"end":{"line":2,"column":71}},"3":{"start":{"line":4,"column":0},"end":{"line":4,"column":87}},"4":{"start":{"line":5,"column":0},"end":{"line":5,"column":103}},"5":{"start":{"line":6,"column":0},"end":{"line":6,"column":36}},"6":{"start":{"line":7,"column":0},"end":{"line":7,"column":47}},"7":{"start":{"line":8,"column":0},"end":{"line":8,"column":100}},"9":{"start":{"line":10,"column":0},"end":{"line":10,"column":19}},"10":{"start":{"line":11,"column":0},"end":{"line":11,"column":71}},"11":{"start":{"line":12,"column":0},"end":{"line":12,"column":46}},"12":{"start":{"line":13,"column":0},"end":{"line":13,"column":59}},"13":{"start":{"line":14,"column":0},"end":{"line":14,"column":36}},"14":{"start":{"line":15,"column":0},"end":{"line":15,"column":1}},"16":{"start":{"line":17,"column":0},"end":{"line":17,"column":87}},"17":{"start":{"line":18,"column":0},"end":{"line":18,"column":70}},"18":{"start":{"line":19,"column":0},"end":{"line":19,"column":18}},"19":{"start":{"line":20,"column":0},"end":{"line":20,"column":47}},"21":{"start":{"line":22,"column":0},"end":{"line":22,"column":25}},"22":{"start":{"line":23,"column":0},"end":{"line":23,"column":55}},"23":{"start":{"line":24,"column":0},"end":{"line":24,"column":32}},"24":{"start":{"line":25,"column":0},"end":{"line":25,"column":46}},"25":{"start":{"line":26,"column":0},"end":{"line":26,"column":59}},"26":{"start":{"line":27,"column":0},"end":{"line":27,"column":1}},"28":{"start":{"line":29,"column":0},"end":{"line":29,"column":87}},"29":{"start":{"line":30,"column":0},"end":{"line":30,"column":70}},"30":{"start":{"line":31,"column":0},"end":{"line":31,"column":36}},"31":{"start":{"line":32,"column":0},"end":{"line":32,"column":47}},"32":{"start":{"line":33,"column":0},"end":{"line":33,"column":98}},"34":{"start":{"line":35,"column":0},"end":{"line":35,"column":19}},"35":{"start":{"line":36,"column":0},"end":{"line":36,"column":52}},"36":{"start":{"line":37,"column":0},"end":{"line":37,"column":46}},"37":{"start":{"line":38,"column":0},"end":{"line":38,"column":59}},"38":{"start":{"line":39,"column":0},"end":{"line":39,"column":36}},"39":{"start":{"line":40,"column":0},"end":{"line":40,"column":1}}},"s":{"1":1,"3":1,"4":1,"5":1,"6":1,"7":1,"9":1,"10":1,"11":1,"12":1,"13":1,"14":1,"16":1,"17":1,"18":1,"19":1,"21":1,"22":1,"23":1,"24":1,"25":1,"26":1,"28":1,"29":1,"30":1,"31":1,"32":1,"34":1,"35":1,"36":1,"37":1,"38":1,"39":1},"branchMap":{"0":{"type":"branch","line":5,"loc":{"start":{"line":5,"column":7},"end":{"line":15,"column":1}},"locations":[{"start":{"line":5,"column":7},"end":{"line":15,"column":1}}]},"1":{"type":"branch","line":8,"loc":{"start":{"line":8,"column":37},"end":{"line":8,"column":98}},"locations":[{"start":{"line":8,"column":37},"end":{"line":8,"column":98}}]},"2":{"type":"branch","line":18,"loc":{"start":{"line":18,"column":7},"end":{"line":27,"column":1}},"locations":[{"start":{"line":18,"column":7},"end":{"line":27,"column":1}}]},"3":{"type":"branch","line":30,"loc":{"start":{"line":30,"column":7},"end":{"line":40,"column":1}},"locations":[{"start":{"line":30,"column":7},"end":{"line":40,"column":1}}]},"4":{"type":"branch","line":33,"loc":{"start":{"line":33,"column":37},"end":{"line":33,"column":96}},"locations":[{"start":{"line":33,"column":37},"end":{"line":33,"column":96}}]}},"b":{"0":[1],"1":[1],"2":[1],"3":[1],"4":[1]},"fnMap":{"0":{"name":"editTeamMembers","decl":{"start":{"line":5,"column":7},"end":{"line":15,"column":1}},"loc":{"start":{"line":5,"column":7},"end":{"line":15,"column":1}},"line":5},"1":{"name":"addTeamMember","decl":{"start":{"line":18,"column":7},"end":{"line":27,"column":1}},"loc":{"start":{"line":18,"column":7},"end":{"line":27,"column":1}},"line":18},"2":{"name":"deleteTeamMember","decl":{"start":{"line":30,"column":7},"end":{"line":40,"column":1}},"loc":{"start":{"line":30,"column":7},"end":{"line":40,"column":1}},"line":30}},"f":{"0":1,"1":1,"2":1}}
,"C:\\Users\\OsmondJain\\Desktop\\Team-Directory-App\\src\\components\\Button.tsx": {"path":"C:\\Users\\OsmondJain\\Desktop\\Team-Directory-App\\src\\components\\Button.tsx","all":false,"statementMap":{"0":{"start":{"line":1,"column":0},"end":{"line":1,"column":149}},"1":{"start":{"line":2,"column":0},"end":{"line":2,"column":26}},"2":{"start":{"line":3,"column":0},"end":{"line":3,"column":22}},"10":{"start":{"line":11,"column":0},"end":{"line":11,"column":80}},"11":{"start":{"line":12,"column":0},"end":{"line":12,"column":90}},"12":{"start":{"line":13,"column":0},"end":{"line":13,"column":2}}},"s":{"0":1,"1":1,"2":1,"10":1,"11":57,"12":57},"branchMap":{"0":{"type":"branch","line":11,"loc":{"start":{"line":11,"column":45},"end":{"line":13,"column":2}},"locations":[{"start":{"line":11,"column":45},"end":{"line":13,"column":2}}]},"1":{"type":"branch","line":12,"loc":{"start":{"line":12,"column":28},"end":{"line":12,"column":51}},"locations":[{"start":{"line":12,"column":28},"end":{"line":12,"column":51}}]},"2":{"type":"branch","line":12,"loc":{"start":{"line":12,"column":38},"end":{"line":12,"column":55}},"locations":[{"start":{"line":12,"column":38},"end":{"line":12,"column":55}}]}},"b":{"0":[57],"1":[1],"2":[56]},"fnMap":{"0":{"name":"Button","decl":{"start":{"line":11,"column":45},"end":{"line":13,"column":2}},"loc":{"start":{"line":11,"column":45},"end":{"line":13,"column":2}},"line":11}},"f":{"0":57}}
,"C:\\Users\\OsmondJain\\Desktop\\Team-Directory-App\\src\\components\\MemberProfile.tsx": {"path":"C:\\Users\\OsmondJain\\Desktop\\Team-Directory-App\\src\\components\\MemberProfile.tsx","all":false,"statementMap":{"0":{"start":{"line":1,"column":0},"end":{"line":1,"column":26}},"1":{"start":{"line":2,"column":0},"end":{"line":2,"column":43}},"3":{"start":{"line":4,"column":0},"end":{"line":4,"column":30}},"9":{"start":{"line":10,"column":0},"end":{"line":10,"column":114}},"10":{"start":{"line":11,"column":0},"end":{"line":11,"column":78}},"11":{"start":{"line":12,"column":0},"end":{"line":12,"column":33}},"13":{"start":{"line":14,"column":0},"end":{"line":14,"column":10}},"14":{"start":{"line":15,"column":0},"end":{"line":15,"column":39}},"15":{"start":{"line":16,"column":0},"end":{"line":16,"column":68}},"19":{"start":{"line":20,"column":0},"end":{"line":20,"column":36}},"21":{"start":{"line":22,"column":0},"end":{"line":22,"column":39}},"22":{"start":{"line":23,"column":0},"end":{"line":23,"column":33}},"23":{"start":{"line":24,"column":0},"end":{"line":24,"column":81}},"25":{"start":{"line":26,"column":0},"end":{"line":26,"column":61}},"30":{"start":{"line":31,"column":0},"end":{"line":31,"column":38}},"31":{"start":{"line":32,"column":0},"end":{"line":32,"column":36}},"32":{"start":{"line":33,"column":0},"end":{"line":33,"column":57}},"33":{"start":{"line":34,"column":0},"end":{"line":34,"column":59}},"35":{"start":{"line":36,"column":0},"end":{"line":36,"column":39}},"36":{"start":{"line":37,"column":0},"end":{"line":37,"column":24}},"37":{"start":{"line":38,"column":0},"end":{"line":38,"column":58}},"43":{"start":{"line":44,"column":0},"end":{"line":44,"column":2}}},"s":{"0":1,"1":1,"3":1,"9":1,"10":1,"11":4,"13":4,"14":4,"15":4,"19":4,"21":4,"22":4,"23":3,"25":4,"30":4,"31":4,"32":4,"33":4,"35":4,"36":4,"37":4,"43":4},"branchMap":{"0":{"type":"branch","line":11,"loc":{"start":{"line":11,"column":57},"end":{"line":44,"column":2}},"locations":[{"start":{"line":11,"column":57},"end":{"line":44,"column":2}}]},"1":{"type":"branch","line":23,"loc":{"start":{"line":23,"column":29},"end":{"line":26,"column":13}},"locations":[{"start":{"line":23,"column":29},"end":{"line":26,"column":13}}]},"2":{"type":"branch","line":38,"loc":{"start":{"line":38,"column":30},"end":{"line":38,"column":58}},"locations":[{"start":{"line":38,"column":30},"end":{"line":38,"column":58}}]},"3":{"type":"branch","line":16,"loc":{"start":{"line":16,"column":47},"end":{"line":16,"column":68}},"locations":[{"start":{"line":16,"column":47},"end":{"line":16,"column":68}}]}},"b":{"0":[4],"1":[3],"2":[1],"3":[1]},"fnMap":{"0":{"name":"TeamMemberProfile","decl":{"start":{"line":11,"column":57},"end":{"line":44,"column":2}},"loc":{"start":{"line":11,"column":57},"end":{"line":44,"column":2}},"line":11},"1":{"name":"onClick","decl":{"start":{"line":16,"column":47},"end":{"line":16,"column":68}},"loc":{"start":{"line":16,"column":47},"end":{"line":16,"column":68}},"line":16}},"f":{"0":4,"1":1}}
,"C:\\Users\\OsmondJain\\Desktop\\Team-Directory-App\\src\\components\\Modal.tsx": {"path":"C:\\Users\\OsmondJain\\Desktop\\Team-Directory-App\\src\\components\\Modal.tsx","all":false,"statementMap":{"0":{"start":{"line":1,"column":0},"end":{"line":1,"column":68}},"1":{"start":{"line":2,"column":0},"end":{"line":2,"column":34}},"3":{"start":{"line":4,"column":0},"end":{"line":4,"column":83}},"4":{"start":{"line":5,"column":0},"end":{"line":5,"column":21}},"13":{"start":{"line":14,"column":0},"end":{"line":14,"column":69}},"14":{"start":{"line":15,"column":0},"end":{"line":15,"column":114}},"15":{"start":{"line":16,"column":0},"end":{"line":16,"column":52}},"16":{"start":{"line":17,"column":0},"end":{"line":17,"column":87}},"18":{"start":{"line":19,"column":0},"end":{"line":19,"column":78}},"19":{"start":{"line":20,"column":0},"end":{"line":20,"column":65}},"21":{"start":{"line":22,"column":0},"end":{"line":22,"column":87}},"22":{"start":{"line":23,"column":0},"end":{"line":23,"column":19}},"23":{"start":{"line":24,"column":0},"end":{"line":24,"column":36}},"24":{"start":{"line":25,"column":0},"end":{"line":25,"column":19}},"26":{"start":{"line":27,"column":0},"end":{"line":27,"column":95}},"27":{"start":{"line":28,"column":0},"end":{"line":28,"column":19}},"28":{"start":{"line":29,"column":0},"end":{"line":29,"column":37}},"29":{"start":{"line":30,"column":0},"end":{"line":30,"column":24}},"31":{"start":{"line":32,"column":0},"end":{"line":32,"column":37}},"32":{"start":{"line":33,"column":0},"end":{"line":33,"column":25}},"33":{"start":{"line":34,"column":0},"end":{"line":34,"column":44}},"34":{"start":{"line":35,"column":0},"end":{"line":35,"column":21}},"35":{"start":{"line":36,"column":0},"end":{"line":36,"column":24}},"36":{"start":{"line":37,"column":0},"end":{"line":37,"column":5}},"37":{"start":{"line":38,"column":0},"end":{"line":38,"column":19}},"39":{"start":{"line":40,"column":0},"end":{"line":40,"column":28}},"40":{"start":{"line":41,"column":0},"end":{"line":41,"column":31}},"41":{"start":{"line":42,"column":0},"end":{"line":42,"column":22}},"42":{"start":{"line":43,"column":0},"end":{"line":43,"column":4}},"44":{"start":{"line":45,"column":0},"end":{"line":45,"column":120}},"45":{"start":{"line":46,"column":0},"end":{"line":46,"column":48}},"46":{"start":{"line":47,"column":0},"end":{"line":47,"column":23}},"48":{"start":{"line":49,"column":0},"end":{"line":49,"column":51}},"50":{"start":{"line":51,"column":0},"end":{"line":51,"column":114}},"51":{"start":{"line":52,"column":0},"end":{"line":52,"column":56}},"52":{"start":{"line":53,"column":0},"end":{"line":53,"column":53}},"53":{"start":{"line":54,"column":0},"end":{"line":54,"column":13}},"54":{"start":{"line":55,"column":0},"end":{"line":55,"column":5}},"56":{"start":{"line":57,"column":0},"end":{"line":57,"column":31}},"57":{"start":{"line":58,"column":0},"end":{"line":58,"column":60}},"58":{"start":{"line":59,"column":0},"end":{"line":59,"column":12}},"59":{"start":{"line":60,"column":0},"end":{"line":60,"column":38}},"60":{"start":{"line":61,"column":0},"end":{"line":61,"column":5}},"62":{"start":{"line":63,"column":0},"end":{"line":63,"column":26}},"63":{"start":{"line":64,"column":0},"end":{"line":64,"column":17}},"64":{"start":{"line":65,"column":0},"end":{"line":65,"column":4}},"66":{"start":{"line":67,"column":0},"end":{"line":67,"column":10}},"67":{"start":{"line":68,"column":0},"end":{"line":68,"column":75}},"68":{"start":{"line":69,"column":0},"end":{"line":69,"column":86}},"69":{"start":{"line":70,"column":0},"end":{"line":70,"column":79}},"71":{"start":{"line":72,"column":0},"end":{"line":72,"column":37}},"72":{"start":{"line":73,"column":0},"end":{"line":73,"column":39}},"73":{"start":{"line":74,"column":0},"end":{"line":74,"column":93}},"75":{"start":{"line":76,"column":0},"end":{"line":76,"column":61}},"79":{"start":{"line":80,"column":0},"end":{"line":80,"column":36}},"81":{"start":{"line":82,"column":0},"end":{"line":82,"column":42}},"82":{"start":{"line":83,"column":0},"end":{"line":83,"column":69}},"83":{"start":{"line":84,"column":0},"end":{"line":84,"column":18}},"84":{"start":{"line":85,"column":0},"end":{"line":85,"column":25}},"85":{"start":{"line":86,"column":0},"end":{"line":86,"column":43}},"86":{"start":{"line":87,"column":0},"end":{"line":87,"column":98}},"87":{"start":{"line":88,"column":0},"end":{"line":88,"column":22}},"88":{"start":{"line":89,"column":0},"end":{"line":89,"column":23}},"89":{"start":{"line":90,"column":0},"end":{"line":90,"column":28}},"94":{"start":{"line":95,"column":0},"end":{"line":95,"column":42}},"95":{"start":{"line":96,"column":0},"end":{"line":96,"column":69}},"96":{"start":{"line":97,"column":0},"end":{"line":97,"column":18}},"97":{"start":{"line":98,"column":0},"end":{"line":98,"column":28}},"98":{"start":{"line":99,"column":0},"end":{"line":99,"column":25}},"99":{"start":{"line":100,"column":0},"end":{"line":100,"column":43}},"100":{"start":{"line":101,"column":0},"end":{"line":101,"column":98}},"105":{"start":{"line":106,"column":0},"end":{"line":106,"column":42}},"106":{"start":{"line":107,"column":0},"end":{"line":107,"column":71}},"107":{"start":{"line":108,"column":0},"end":{"line":108,"column":18}},"108":{"start":{"line":109,"column":0},"end":{"line":109,"column":29}},"109":{"start":{"line":110,"column":0},"end":{"line":110,"column":26}},"110":{"start":{"line":111,"column":0},"end":{"line":111,"column":44}},"111":{"start":{"line":112,"column":0},"end":{"line":112,"column":99}},"112":{"start":{"line":113,"column":0},"end":{"line":113,"column":22}},"117":{"start":{"line":118,"column":0},"end":{"line":118,"column":42}},"118":{"start":{"line":119,"column":0},"end":{"line":119,"column":67}},"119":{"start":{"line":120,"column":0},"end":{"line":120,"column":21}},"120":{"start":{"line":121,"column":0},"end":{"line":121,"column":27}},"121":{"start":{"line":122,"column":0},"end":{"line":122,"column":42}},"122":{"start":{"line":123,"column":0},"end":{"line":123,"column":97}},"123":{"start":{"line":124,"column":0},"end":{"line":124,"column":22}},"128":{"start":{"line":129,"column":0},"end":{"line":129,"column":39}},"129":{"start":{"line":130,"column":0},"end":{"line":130,"column":73}},"131":{"start":{"line":132,"column":0},"end":{"line":132,"column":32}},"132":{"start":{"line":133,"column":0},"end":{"line":133,"column":66}},"138":{"start":{"line":139,"column":0},"end":{"line":139,"column":2}}},"s":{"0":1,"1":1,"3":1,"4":1,"13":1,"14":1,"15":12,"16":12,"18":12,"19":12,"21":12,"22":12,"23":7,"24":12,"26":12,"27":12,"28":8,"29":8,"31":8,"32":6,"33":8,"34":1,"35":1,"36":1,"37":12,"39":12,"40":2,"41":2,"42":2,"44":12,"45":12,"46":2,"48":2,"50":2,"51":2,"52":1,"53":1,"54":1,"56":1,"57":1,"58":2,"59":0,"60":0,"62":1,"63":1,"64":1,"66":12,"67":12,"68":12,"69":12,"71":12,"72":12,"73":0,"75":12,"79":12,"81":12,"82":12,"83":12,"84":12,"85":12,"86":12,"87":12,"88":12,"89":12,"94":12,"95":12,"96":12,"97":12,"98":12,"99":12,"100":12,"105":12,"106":12,"107":12,"108":12,"109":12,"110":12,"111":12,"112":12,"117":12,"118":12,"119":12,"120":12,"121":12,"122":12,"123":12,"128":12,"129":12,"131":12,"132":12,"138":12},"branchMap":{"0":{"type":"branch","line":15,"loc":{"start":{"line":15,"column":43},"end":{"line":139,"column":2}},"locations":[{"start":{"line":15,"column":43},"end":{"line":139,"column":2}}]},"1":{"type":"branch","line":20,"loc":{"start":{"line":20,"column":46},"end":{"line":20,"column":59}},"locations":[{"start":{"line":20,"column":46},"end":{"line":20,"column":59}}]},"2":{"type":"branch","line":20,"loc":{"start":{"line":20,"column":50},"end":{"line":20,"column":65}},"locations":[{"start":{"line":20,"column":50},"end":{"line":20,"column":65}}]},"3":{"type":"branch","line":70,"loc":{"start":{"line":70,"column":27},"end":{"line":70,"column":57}},"locations":[{"start":{"line":70,"column":27},"end":{"line":70,"column":57}}]},"4":{"type":"branch","line":70,"loc":{"start":{"line":70,"column":36},"end":{"line":70,"column":79}},"locations":[{"start":{"line":70,"column":36},"end":{"line":70,"column":79}}]},"5":{"type":"branch","line":73,"loc":{"start":{"line":73,"column":35},"end":{"line":76,"column":13}},"locations":[{"start":{"line":73,"column":35},"end":{"line":76,"column":13}}]},"6":{"type":"branch","line":133,"loc":{"start":{"line":133,"column":27},"end":{"line":133,"column":53}},"locations":[{"start":{"line":133,"column":27},"end":{"line":133,"column":53}}]},"7":{"type":"branch","line":133,"loc":{"start":{"line":133,"column":36},"end":{"line":133,"column":66}},"locations":[{"start":{"line":133,"column":36},"end":{"line":133,"column":66}}]},"8":{"type":"branch","line":19,"loc":{"start":{"line":19,"column":37},"end":{"line":19,"column":64}},"locations":[{"start":{"line":19,"column":37},"end":{"line":19,"column":64}}]},"9":{"type":"branch","line":23,"loc":{"start":{"line":23,"column":12},"end":{"line":25,"column":5}},"locations":[{"start":{"line":23,"column":12},"end":{"line":25,"column":5}}]},"10":{"type":"branch","line":28,"loc":{"start":{"line":28,"column":12},"end":{"line":38,"column":5}},"locations":[{"start":{"line":28,"column":12},"end":{"line":38,"column":5}}]},"11":{"type":"branch","line":30,"loc":{"start":{"line":30,"column":17},"end":{"line":30,"column":24}},"locations":[{"start":{"line":30,"column":17},"end":{"line":30,"column":24}}]},"12":{"type":"branch","line":32,"loc":{"start":{"line":32,"column":8},"end":{"line":32,"column":34}},"locations":[{"start":{"line":32,"column":8},"end":{"line":32,"column":34}}]},"13":{"type":"branch","line":32,"loc":{"start":{"line":32,"column":36},"end":{"line":34,"column":11}},"locations":[{"start":{"line":32,"column":36},"end":{"line":34,"column":11}}]},"14":{"type":"branch","line":34,"loc":{"start":{"line":34,"column":4},"end":{"line":37,"column":5}},"locations":[{"start":{"line":34,"column":4},"end":{"line":37,"column":5}}]},"15":{"type":"branch","line":34,"loc":{"start":{"line":34,"column":43},"end":{"line":37,"column":5}},"locations":[{"start":{"line":34,"column":43},"end":{"line":37,"column":5}}]},"16":{"type":"branch","line":40,"loc":{"start":{"line":40,"column":21},"end":{"line":43,"column":4}},"locations":[{"start":{"line":40,"column":21},"end":{"line":43,"column":4}}]},"17":{"type":"branch","line":46,"loc":{"start":{"line":46,"column":23},"end":{"line":65,"column":4}},"locations":[{"start":{"line":46,"column":23},"end":{"line":65,"column":4}}]},"18":{"type":"branch","line":52,"loc":{"start":{"line":52,"column":18},"end":{"line":52,"column":41}},"locations":[{"start":{"line":52,"column":18},"end":{"line":52,"column":41}}]},"19":{"type":"branch","line":52,"loc":{"start":{"line":52,"column":35},"end":{"line":52,"column":55}},"locations":[{"start":{"line":52,"column":35},"end":{"line":52,"column":55}}]},"20":{"type":"branch","line":52,"loc":{"start":{"line":52,"column":55},"end":{"line":59,"column":11}},"locations":[{"start":{"line":52,"column":55},"end":{"line":59,"column":11}}]},"21":{"type":"branch","line":59,"loc":{"start":{"line":59,"column":4},"end":{"line":61,"column":5}},"locations":[{"start":{"line":59,"column":4},"end":{"line":61,"column":5}}]},"22":{"type":"branch","line":61,"loc":{"start":{"line":61,"column":4},"end":{"line":65,"column":4}},"locations":[{"start":{"line":61,"column":4},"end":{"line":65,"column":4}}]},"23":{"type":"branch","line":87,"loc":{"start":{"line":87,"column":24},"end":{"line":87,"column":98}},"locations":[{"start":{"line":87,"column":24},"end":{"line":87,"column":98}}]}},"b":{"0":[12],"1":[11],"2":[1],"3":[11],"4":[1],"5":[0],"6":[11],"7":[1],"8":[7],"9":[7],"10":[8],"11":[0],"12":[6],"13":[6],"14":[2],"15":[1],"16":[2],"17":[2],"18":[1],"19":[1],"20":[1],"21":[0],"22":[1],"23":[1]},"fnMap":{"0":{"name":"Modal","decl":{"start":{"line":15,"column":43},"end":{"line":139,"column":2}},"loc":{"start":{"line":15,"column":43},"end":{"line":139,"column":2}},"line":15},"1":{"name":"closeModal","decl":{"start":{"line":40,"column":21},"end":{"line":43,"column":4}},"loc":{"start":{"line":40,"column":21},"end":{"line":43,"column":4}},"line":40},"2":{"name":"handleSubmit","decl":{"start":{"line":46,"column":23},"end":{"line":65,"column":4}},"loc":{"start":{"line":46,"column":23},"end":{"line":65,"column":4}},"line":46},"3":{"name":"onChange","decl":{"start":{"line":87,"column":24},"end":{"line":87,"column":98}},"loc":{"start":{"line":87,"column":24},"end":{"line":87,"column":98}},"line":87},"4":{"name":"onChange","decl":{"start":{"line":101,"column":24},"end":{"line":101,"column":98}},"loc":{"start":{"line":101,"column":24},"end":{"line":101,"column":98}},"line":101},"5":{"name":"onChange","decl":{"start":{"line":112,"column":24},"end":{"line":112,"column":99}},"loc":{"start":{"line":112,"column":24},"end":{"line":112,"column":99}},"line":112},"6":{"name":"onChange","decl":{"start":{"line":123,"column":24},"end":{"line":123,"column":97}},"loc":{"start":{"line":123,"column":24},"end":{"line":123,"column":97}},"line":123}},"f":{"0":12,"1":2,"2":2,"3":1,"4":0,"5":0,"6":0}}
,"C:\\Users\\OsmondJain\\Desktop\\Team-Directory-App\\src\\components\\Profile.tsx": {"path":"C:\\Users\\OsmondJain\\Desktop\\Team-Directory-App\\src\\components\\Profile.tsx","all":false,"statementMap":{"0":{"start":{"line":1,"column":0},"end":{"line":1,"column":14}},"1":{"start":{"line":2,"column":0},"end":{"line":2,"column":41}},"2":{"start":{"line":3,"column":0},"end":{"line":3,"column":64}},"5":{"start":{"line":6,"column":0},"end":{"line":6,"column":144}},"6":{"start":{"line":7,"column":0},"end":{"line":7,"column":27}},"7":{"start":{"line":8,"column":0},"end":{"line":8,"column":51}},"9":{"start":{"line":10,"column":0},"end":{"line":10,"column":90}},"10":{"start":{"line":11,"column":0},"end":{"line":11,"column":71}},"12":{"start":{"line":13,"column":0},"end":{"line":13,"column":65}},"13":{"start":{"line":14,"column":0},"end":{"line":14,"column":20}},"14":{"start":{"line":15,"column":0},"end":{"line":15,"column":44}},"15":{"start":{"line":16,"column":0},"end":{"line":16,"column":3}},"17":{"start":{"line":18,"column":0},"end":{"line":18,"column":55}},"18":{"start":{"line":19,"column":0},"end":{"line":19,"column":1}}},"s":{"0":1,"1":1,"2":1,"5":1,"6":1,"7":2,"9":2,"10":2,"12":2,"13":2,"14":1,"15":1,"17":1,"18":1},"branchMap":{"0":{"type":"branch","line":7,"loc":{"start":{"line":7,"column":7},"end":{"line":19,"column":1}},"locations":[{"start":{"line":7,"column":7},"end":{"line":19,"column":1}}]},"1":{"type":"branch","line":10,"loc":{"start":{"line":10,"column":69},"end":{"line":10,"column":90}},"locations":[{"start":{"line":10,"column":69},"end":{"line":10,"column":90}}]},"2":{"type":"branch","line":14,"loc":{"start":{"line":14,"column":19},"end":{"line":19,"column":1}},"locations":[{"start":{"line":14,"column":19},"end":{"line":19,"column":1}}]},"3":{"type":"branch","line":11,"loc":{"start":{"line":11,"column":35},"end":{"line":11,"column":71}},"locations":[{"start":{"line":11,"column":35},"end":{"line":11,"column":71}}]}},"b":{"0":[2],"1":[0],"2":[1],"3":[1]},"fnMap":{"0":{"name":"Profile","decl":{"start":{"line":7,"column":7},"end":{"line":19,"column":1}},"loc":{"start":{"line":7,"column":7},"end":{"line":19,"column":1}},"line":7}},"f":{"0":2}}
,"C:\\Users\\OsmondJain\\Desktop\\Team-Directory-App\\src\\components\\Table.tsx": {"path":"C:\\Users\\OsmondJain\\Desktop\\Team-Directory-App\\src\\components\\Table.tsx","all":false,"statementMap":{"0":{"start":{"line":1,"column":0},"end":{"line":1,"column":40}},"2":{"start":{"line":3,"column":0},"end":{"line":3,"column":34}},"3":{"start":{"line":4,"column":0},"end":{"line":4,"column":32}},"4":{"start":{"line":5,"column":0},"end":{"line":5,"column":69}},"5":{"start":{"line":6,"column":0},"end":{"line":6,"column":36}},"6":{"start":{"line":7,"column":0},"end":{"line":7,"column":22}},"14":{"start":{"line":15,"column":0},"end":{"line":15,"column":53}},"15":{"start":{"line":16,"column":0},"end":{"line":16,"column":26}},"17":{"start":{"line":18,"column":0},"end":{"line":18,"column":57}},"18":{"start":{"line":19,"column":0},"end":{"line":19,"column":14}},"19":{"start":{"line":20,"column":0},"end":{"line":20,"column":10}},"20":{"start":{"line":21,"column":0},"end":{"line":21,"column":22}},"21":{"start":{"line":22,"column":0},"end":{"line":22,"column":7}},"22":{"start":{"line":23,"column":0},"end":{"line":23,"column":44}},"23":{"start":{"line":24,"column":0},"end":{"line":24,"column":80}},"24":{"start":{"line":25,"column":0},"end":{"line":25,"column":13}},"25":{"start":{"line":26,"column":0},"end":{"line":26,"column":13}},"26":{"start":{"line":27,"column":0},"end":{"line":27,"column":14}},"27":{"start":{"line":28,"column":0},"end":{"line":28,"column":16}},"28":{"start":{"line":29,"column":0},"end":{"line":29,"column":12}},"29":{"start":{"line":30,"column":0},"end":{"line":30,"column":5}},"31":{"start":{"line":32,"column":0},"end":{"line":32,"column":52}},"33":{"start":{"line":34,"column":0},"end":{"line":34,"column":54}},"34":{"start":{"line":35,"column":0},"end":{"line":35,"column":19}},"35":{"start":{"line":36,"column":0},"end":{"line":36,"column":42}},"36":{"start":{"line":37,"column":0},"end":{"line":37,"column":3}},"38":{"start":{"line":39,"column":0},"end":{"line":39,"column":21}},"39":{"start":{"line":40,"column":0},"end":{"line":40,"column":68}},"40":{"start":{"line":41,"column":0},"end":{"line":41,"column":54}},"41":{"start":{"line":42,"column":0},"end":{"line":42,"column":78}},"43":{"start":{"line":44,"column":0},"end":{"line":44,"column":38}},"44":{"start":{"line":45,"column":0},"end":{"line":45,"column":46}},"45":{"start":{"line":46,"column":0},"end":{"line":46,"column":25}},"46":{"start":{"line":47,"column":0},"end":{"line":47,"column":4}},"48":{"start":{"line":49,"column":0},"end":{"line":49,"column":10}},"49":{"start":{"line":50,"column":0},"end":{"line":50,"column":6}},"50":{"start":{"line":51,"column":0},"end":{"line":51,"column":41}},"51":{"start":{"line":52,"column":0},"end":{"line":52,"column":20}},"52":{"start":{"line":53,"column":0},"end":{"line":53,"column":27}},"54":{"start":{"line":55,"column":0},"end":{"line":55,"column":12}},"55":{"start":{"line":56,"column":0},"end":{"line":56,"column":43}},"56":{"start":{"line":57,"column":0},"end":{"line":57,"column":21}},"57":{"start":{"line":58,"column":0},"end":{"line":58,"column":23}},"58":{"start":{"line":59,"column":0},"end":{"line":59,"column":22}},"59":{"start":{"line":60,"column":0},"end":{"line":60,"column":33}},"60":{"start":{"line":61,"column":0},"end":{"line":61,"column":33}},"61":{"start":{"line":62,"column":0},"end":{"line":62,"column":34}},"62":{"start":{"line":63,"column":0},"end":{"line":63,"column":33}},"63":{"start":{"line":64,"column":0},"end":{"line":64,"column":35}},"64":{"start":{"line":65,"column":0},"end":{"line":65,"column":33}},"67":{"start":{"line":68,"column":0},"end":{"line":68,"column":23}},"68":{"start":{"line":69,"column":0},"end":{"line":69,"column":46}},"69":{"start":{"line":70,"column":0},"end":{"line":70,"column":50}},"70":{"start":{"line":71,"column":0},"end":{"line":71,"column":45}},"71":{"start":{"line":72,"column":0},"end":{"line":72,"column":46}},"72":{"start":{"line":73,"column":0},"end":{"line":73,"column":46}},"73":{"start":{"line":74,"column":0},"end":{"line":74,"column":47}},"74":{"start":{"line":75,"column":0},"end":{"line":75,"column":28}},"75":{"start":{"line":76,"column":0},"end":{"line":76,"column":102}},"77":{"start":{"line":78,"column":0},"end":{"line":78,"column":28}},"78":{"start":{"line":79,"column":0},"end":{"line":79,"column":33}},"79":{"start":{"line":80,"column":0},"end":{"line":80,"column":44}},"80":{"start":{"line":81,"column":0},"end":{"line":81,"column":44}},"81":{"start":{"line":82,"column":0},"end":{"line":82,"column":55}},"82":{"start":{"line":83,"column":0},"end":{"line":83,"column":52}},"83":{"start":{"line":84,"column":0},"end":{"line":84,"column":30}},"84":{"start":{"line":85,"column":0},"end":{"line":85,"column":44}},"87":{"start":{"line":88,"column":0},"end":{"line":88,"column":28}},"88":{"start":{"line":89,"column":0},"end":{"line":89,"column":79}},"93":{"start":{"line":94,"column":0},"end":{"line":94,"column":24}},"94":{"start":{"line":95,"column":0},"end":{"line":95,"column":59}},"102":{"start":{"line":103,"column":0},"end":{"line":103,"column":32}},"103":{"start":{"line":104,"column":0},"end":{"line":104,"column":42}},"104":{"start":{"line":105,"column":0},"end":{"line":105,"column":95}},"108":{"start":{"line":109,"column":0},"end":{"line":109,"column":57}},"109":{"start":{"line":110,"column":0},"end":{"line":110,"column":42}},"110":{"start":{"line":111,"column":0},"end":{"line":111,"column":26}},"111":{"start":{"line":112,"column":0},"end":{"line":112,"column":27}},"112":{"start":{"line":113,"column":0},"end":{"line":113,"column":35}},"113":{"start":{"line":114,"column":0},"end":{"line":114,"column":55}},"114":{"start":{"line":115,"column":0},"end":{"line":115,"column":73}},"116":{"start":{"line":117,"column":0},"end":{"line":117,"column":31}},"119":{"start":{"line":120,"column":0},"end":{"line":120,"column":19}},"121":{"start":{"line":122,"column":0},"end":{"line":122,"column":104}},"130":{"start":{"line":131,"column":0},"end":{"line":131,"column":12}},"131":{"start":{"line":132,"column":0},"end":{"line":132,"column":39}},"132":{"start":{"line":133,"column":0},"end":{"line":133,"column":26}},"133":{"start":{"line":134,"column":0},"end":{"line":134,"column":47}},"134":{"start":{"line":135,"column":0},"end":{"line":135,"column":49}},"138":{"start":{"line":139,"column":0},"end":{"line":139,"column":2}}},"s":{"0":1,"2":1,"3":1,"4":1,"5":1,"6":1,"14":1,"15":1,"17":1,"18":25,"19":25,"20":25,"21":25,"22":25,"23":25,"24":25,"25":25,"26":25,"27":25,"28":25,"29":25,"31":25,"33":25,"34":1,"35":1,"36":1,"38":25,"39":25,"40":25,"41":25,"43":25,"44":1,"45":1,"46":1,"48":25,"49":25,"50":25,"51":25,"52":2,"54":2,"55":25,"56":25,"57":25,"58":25,"59":25,"60":25,"61":25,"62":25,"63":25,"64":25,"67":25,"68":25,"69":8,"70":22,"71":22,"72":22,"73":22,"74":22,"75":22,"77":22,"78":22,"79":22,"80":22,"81":1,"82":1,"83":1,"84":22,"87":22,"88":22,"93":25,"94":25,"102":25,"103":25,"104":25,"108":25,"109":4,"110":4,"111":4,"112":4,"113":4,"114":4,"116":4,"119":4,"121":25,"130":25,"131":25,"132":25,"133":25,"134":25,"138":25},"branchMap":{"0":{"type":"branch","line":18,"loc":{"start":{"line":18,"column":55},"end":{"line":139,"column":2}},"locations":[{"start":{"line":18,"column":55},"end":{"line":139,"column":2}}]},"1":{"type":"branch","line":52,"loc":{"start":{"line":52,"column":9},"end":{"line":55,"column":12}},"locations":[{"start":{"line":52,"column":9},"end":{"line":55,"column":12}}]},"2":{"type":"branch","line":69,"loc":{"start":{"line":69,"column":41},"end":{"line":94,"column":21}},"locations":[{"start":{"line":69,"column":41},"end":{"line":94,"column":21}}]},"3":{"type":"branch","line":34,"loc":{"start":{"line":34,"column":2},"end":{"line":37,"column":3}},"locations":[{"start":{"line":34,"column":2},"end":{"line":37,"column":3}}]},"4":{"type":"branch","line":44,"loc":{"start":{"line":44,"column":19},"end":{"line":47,"column":4}},"locations":[{"start":{"line":44,"column":19},"end":{"line":47,"column":4}}]},"5":{"type":"branch","line":45,"loc":{"start":{"line":45,"column":39},"end":{"line":45,"column":46}},"locations":[{"start":{"line":45,"column":39},"end":{"line":45,"column":46}}]},"6":{"type":"branch","line":70,"loc":{"start":{"line":70,"column":37},"end":{"line":94,"column":21}},"locations":[{"start":{"line":70,"column":37},"end":{"line":94,"column":21}}]},"7":{"type":"branch","line":76,"loc":{"start":{"line":76,"column":58},"end":{"line":76,"column":83}},"locations":[{"start":{"line":76,"column":58},"end":{"line":76,"column":83}}]},"8":{"type":"branch","line":81,"loc":{"start":{"line":81,"column":37},"end":{"line":84,"column":30}},"locations":[{"start":{"line":81,"column":37},"end":{"line":84,"column":30}}]},"9":{"type":"branch","line":109,"loc":{"start":{"line":109,"column":44},"end":{"line":120,"column":19}},"locations":[{"start":{"line":109,"column":44},"end":{"line":120,"column":19}}]},"10":{"type":"branch","line":115,"loc":{"start":{"line":115,"column":45},"end":{"line":115,"column":70}},"locations":[{"start":{"line":115,"column":45},"end":{"line":115,"column":70}}]},"11":{"type":"branch","line":115,"loc":{"start":{"line":115,"column":59},"end":{"line":115,"column":73}},"locations":[{"start":{"line":115,"column":59},"end":{"line":115,"column":73}}]},"12":{"type":"branch","line":114,"loc":{"start":{"line":114,"column":31},"end":{"line":114,"column":55}},"locations":[{"start":{"line":114,"column":31},"end":{"line":114,"column":55}}]}},"b":{"0":[25],"1":[2],"2":[8],"3":[1],"4":[1],"5":[0],"6":[22],"7":[1],"8":[1],"9":[4],"10":[2],"11":[2],"12":[1]},"fnMap":{"0":{"name":"SearchResultTable","decl":{"start":{"line":18,"column":55},"end":{"line":139,"column":2}},"loc":{"start":{"line":18,"column":55},"end":{"line":139,"column":2}},"line":18},"1":{"name":"showModal","decl":{"start":{"line":34,"column":2},"end":{"line":37,"column":3}},"loc":{"start":{"line":34,"column":2},"end":{"line":37,"column":3}},"line":34},"2":{"name":"goToPage","decl":{"start":{"line":44,"column":19},"end":{"line":47,"column":4}},"loc":{"start":{"line":44,"column":19},"end":{"line":47,"column":4}},"line":44},"3":{"name":"onClick","decl":{"start":{"line":76,"column":58},"end":{"line":76,"column":83}},"loc":{"start":{"line":76,"column":58},"end":{"line":76,"column":83}},"line":76},"4":{"name":"onClick","decl":{"start":{"line":81,"column":37},"end":{"line":84,"column":30}},"loc":{"start":{"line":81,"column":37},"end":{"line":84,"column":30}},"line":81},"5":{"name":"onClick","decl":{"start":{"line":105,"column":33},"end":{"line":105,"column":66}},"loc":{"start":{"line":105,"column":33},"end":{"line":105,"column":66}},"line":105},"6":{"name":"onClick","decl":{"start":{"line":114,"column":31},"end":{"line":114,"column":55}},"loc":{"start":{"line":114,"column":31},"end":{"line":114,"column":55}},"line":114},"7":{"name":"onClick","decl":{"start":{"line":122,"column":33},"end":{"line":122,"column":66}},"loc":{"start":{"line":122,"column":33},"end":{"line":122,"column":66}},"line":122},"8":{"name":"closeModalState","decl":{"start":{"line":134,"column":25},"end":{"line":134,"column":47}},"loc":{"start":{"line":134,"column":25},"end":{"line":134,"column":47}},"line":134}},"f":{"0":25,"1":1,"2":1,"3":1,"4":1,"5":0,"6":1,"7":0,"8":0}}
,"C:\\Users\\OsmondJain\\Desktop\\Team-Directory-App\\src\\components\\TeamDirectory.tsx": {"path":"C:\\Users\\OsmondJain\\Desktop\\Team-Directory-App\\src\\components\\TeamDirectory.tsx","all":false,"statementMap":{"0":{"start":{"line":1,"column":0},"end":{"line":1,"column":31}},"1":{"start":{"line":2,"column":0},"end":{"line":2,"column":55}},"2":{"start":{"line":3,"column":0},"end":{"line":3,"column":34}},"3":{"start":{"line":4,"column":0},"end":{"line":4,"column":44}},"4":{"start":{"line":5,"column":0},"end":{"line":5,"column":32}},"5":{"start":{"line":6,"column":0},"end":{"line":6,"column":29}},"7":{"start":{"line":8,"column":0},"end":{"line":8,"column":135}},"9":{"start":{"line":10,"column":0},"end":{"line":10,"column":33}},"10":{"start":{"line":11,"column":0},"end":{"line":11,"column":57}},"11":{"start":{"line":12,"column":0},"end":{"line":12,"column":51}},"12":{"start":{"line":13,"column":0},"end":{"line":13,"column":87}},"13":{"start":{"line":14,"column":0},"end":{"line":14,"column":47}},"14":{"start":{"line":15,"column":0},"end":{"line":15,"column":48}},"15":{"start":{"line":16,"column":0},"end":{"line":16,"column":130}},"16":{"start":{"line":17,"column":0},"end":{"line":17,"column":118}},"17":{"start":{"line":18,"column":0},"end":{"line":18,"column":48}},"18":{"start":{"line":19,"column":0},"end":{"line":19,"column":54}},"19":{"start":{"line":20,"column":0},"end":{"line":20,"column":44}},"20":{"start":{"line":21,"column":0},"end":{"line":21,"column":10}},"21":{"start":{"line":22,"column":0},"end":{"line":22,"column":59}},"23":{"start":{"line":24,"column":0},"end":{"line":24,"column":23}},"24":{"start":{"line":25,"column":0},"end":{"line":25,"column":15}},"25":{"start":{"line":26,"column":0},"end":{"line":26,"column":24}},"26":{"start":{"line":27,"column":0},"end":{"line":27,"column":15}},"27":{"start":{"line":28,"column":0},"end":{"line":28,"column":5}},"28":{"start":{"line":29,"column":0},"end":{"line":29,"column":19}},"29":{"start":{"line":30,"column":0},"end":{"line":30,"column":3}},"31":{"start":{"line":32,"column":0},"end":{"line":32,"column":24}},"32":{"start":{"line":33,"column":0},"end":{"line":33,"column":33}},"33":{"start":{"line":34,"column":0},"end":{"line":34,"column":75}},"34":{"start":{"line":35,"column":0},"end":{"line":35,"column":21}},"35":{"start":{"line":36,"column":0},"end":{"line":36,"column":35}},"36":{"start":{"line":37,"column":0},"end":{"line":37,"column":62}},"37":{"start":{"line":38,"column":0},"end":{"line":38,"column":36}},"38":{"start":{"line":39,"column":0},"end":{"line":39,"column":27}},"39":{"start":{"line":40,"column":0},"end":{"line":40,"column":45}},"40":{"start":{"line":41,"column":0},"end":{"line":41,"column":22}},"41":{"start":{"line":42,"column":0},"end":{"line":42,"column":4}},"43":{"start":{"line":44,"column":0},"end":{"line":44,"column":54}},"44":{"start":{"line":45,"column":0},"end":{"line":45,"column":45}},"45":{"start":{"line":46,"column":0},"end":{"line":46,"column":75}},"46":{"start":{"line":47,"column":0},"end":{"line":47,"column":18}},"47":{"start":{"line":48,"column":0},"end":{"line":48,"column":24}},"48":{"start":{"line":49,"column":0},"end":{"line":49,"column":15}},"49":{"start":{"line":50,"column":0},"end":{"line":50,"column":5}},"50":{"start":{"line":51,"column":0},"end":{"line":51,"column":64}},"51":{"start":{"line":52,"column":0},"end":{"line":52,"column":23}},"53":{"start":{"line":54,"column":0},"end":{"line":54,"column":3}},"55":{"start":{"line":56,"column":0},"end":{"line":56,"column":10}},"56":{"start":{"line":57,"column":0},"end":{"line":57,"column":36}},"57":{"start":{"line":58,"column":0},"end":{"line":58,"column":38}},"58":{"start":{"line":59,"column":0},"end":{"line":59,"column":31}},"59":{"start":{"line":60,"column":0},"end":{"line":60,"column":69}},"62":{"start":{"line":63,"column":0},"end":{"line":63,"column":35}},"64":{"start":{"line":65,"column":0},"end":{"line":65,"column":68}},"65":{"start":{"line":66,"column":0},"end":{"line":66,"column":94}},"66":{"start":{"line":67,"column":0},"end":{"line":67,"column":60}},"69":{"start":{"line":70,"column":0},"end":{"line":70,"column":43}},"70":{"start":{"line":71,"column":0},"end":{"line":71,"column":44}},"71":{"start":{"line":72,"column":0},"end":{"line":72,"column":111}},"72":{"start":{"line":73,"column":0},"end":{"line":73,"column":111}},"73":{"start":{"line":74,"column":0},"end":{"line":74,"column":114}},"76":{"start":{"line":77,"column":0},"end":{"line":77,"column":18}},"77":{"start":{"line":78,"column":0},"end":{"line":78,"column":25}},"78":{"start":{"line":79,"column":0},"end":{"line":79,"column":37}},"79":{"start":{"line":80,"column":0},"end":{"line":80,"column":32}},"80":{"start":{"line":81,"column":0},"end":{"line":81,"column":61}},"83":{"start":{"line":84,"column":0},"end":{"line":84,"column":77}},"84":{"start":{"line":85,"column":0},"end":{"line":85,"column":80}},"89":{"start":{"line":90,"column":0},"end":{"line":90,"column":41}},"90":{"start":{"line":91,"column":0},"end":{"line":91,"column":40}},"91":{"start":{"line":92,"column":0},"end":{"line":92,"column":112}},"96":{"start":{"line":97,"column":0},"end":{"line":97,"column":12}},"97":{"start":{"line":98,"column":0},"end":{"line":98,"column":76}},"98":{"start":{"line":99,"column":0},"end":{"line":99,"column":26}},"99":{"start":{"line":100,"column":0},"end":{"line":100,"column":47}},"100":{"start":{"line":101,"column":0},"end":{"line":101,"column":42}},"104":{"start":{"line":105,"column":0},"end":{"line":105,"column":1}}},"s":{"0":1,"1":1,"2":1,"3":1,"4":1,"5":1,"7":1,"9":1,"10":16,"11":16,"12":16,"13":16,"14":16,"15":16,"16":16,"17":16,"18":16,"19":16,"20":16,"21":16,"23":16,"24":2,"25":1,"26":1,"27":1,"28":1,"29":1,"31":16,"32":16,"33":1,"34":1,"35":1,"36":1,"37":1,"38":1,"39":1,"40":1,"41":1,"43":16,"44":16,"45":2,"46":2,"47":1,"48":1,"49":1,"50":1,"51":1,"53":1,"55":16,"56":16,"57":16,"58":16,"59":16,"62":16,"64":16,"65":16,"66":16,"69":16,"70":16,"71":16,"72":16,"73":16,"76":16,"77":16,"78":16,"79":16,"80":16,"83":16,"84":16,"89":16,"90":16,"91":16,"96":16,"97":16,"98":16,"99":16,"100":16,"104":16},"branchMap":{"0":{"type":"branch","line":10,"loc":{"start":{"line":10,"column":7},"end":{"line":105,"column":1}},"locations":[{"start":{"line":10,"column":7},"end":{"line":105,"column":1}}]},"1":{"type":"branch","line":65,"loc":{"start":{"line":65,"column":38},"end":{"line":65,"column":62}},"locations":[{"start":{"line":65,"column":38},"end":{"line":65,"column":62}}]},"2":{"type":"branch","line":65,"loc":{"start":{"line":65,"column":53},"end":{"line":65,"column":66}},"locations":[{"start":{"line":65,"column":53},"end":{"line":65,"column":66}}]},"3":{"type":"branch","line":67,"loc":{"start":{"line":67,"column":13},"end":{"line":67,"column":45}},"locations":[{"start":{"line":67,"column":13},"end":{"line":67,"column":45}}]},"4":{"type":"branch","line":67,"loc":{"start":{"line":67,"column":28},"end":{"line":67,"column":60}},"locations":[{"start":{"line":67,"column":28},"end":{"line":67,"column":60}}]},"5":{"type":"branch","line":24,"loc":{"start":{"line":24,"column":2},"end":{"line":30,"column":3}},"locations":[{"start":{"line":24,"column":2},"end":{"line":30,"column":3}}]},"6":{"type":"branch","line":25,"loc":{"start":{"line":25,"column":14},"end":{"line":30,"column":3}},"locations":[{"start":{"line":25,"column":14},"end":{"line":30,"column":3}}]},"7":{"type":"branch","line":33,"loc":{"start":{"line":33,"column":2},"end":{"line":42,"column":4}},"locations":[{"start":{"line":33,"column":2},"end":{"line":42,"column":4}}]},"8":{"type":"branch","line":45,"loc":{"start":{"line":45,"column":2},"end":{"line":54,"column":3}},"locations":[{"start":{"line":45,"column":2},"end":{"line":54,"column":3}}]},"9":{"type":"branch","line":47,"loc":{"start":{"line":47,"column":17},"end":{"line":54,"column":3}},"locations":[{"start":{"line":47,"column":17},"end":{"line":54,"column":3}}]},"10":{"type":"branch","line":66,"loc":{"start":{"line":66,"column":56},"end":{"line":66,"column":94}},"locations":[{"start":{"line":66,"column":56},"end":{"line":66,"column":94}}]},"11":{"type":"branch","line":72,"loc":{"start":{"line":72,"column":44},"end":{"line":72,"column":78}},"locations":[{"start":{"line":72,"column":44},"end":{"line":72,"column":78}}]},"12":{"type":"branch","line":81,"loc":{"start":{"line":81,"column":24},"end":{"line":81,"column":61}},"locations":[{"start":{"line":81,"column":24},"end":{"line":81,"column":61}}]}},"b":{"0":[16],"1":[1],"2":[15],"3":[1],"4":[15],"5":[2],"6":[1],"7":[1],"8":[2],"9":[1],"10":[2],"11":[2],"12":[2]},"fnMap":{"0":{"name":"TeamDirectory","decl":{"start":{"line":10,"column":7},"end":{"line":105,"column":1}},"loc":{"start":{"line":10,"column":7},"end":{"line":105,"column":1}},"line":10},"1":{"name":"showModal","decl":{"start":{"line":24,"column":2},"end":{"line":30,"column":3}},"loc":{"start":{"line":24,"column":2},"end":{"line":30,"column":3}},"line":24},"2":{"name":"handleSearch","decl":{"start":{"line":33,"column":2},"end":{"line":42,"column":4}},"loc":{"start":{"line":33,"column":2},"end":{"line":42,"column":4}},"line":33},"3":{"name":"handleSearchFilter","decl":{"start":{"line":45,"column":2},"end":{"line":54,"column":3}},"loc":{"start":{"line":45,"column":2},"end":{"line":54,"column":3}},"line":45},"4":{"name":"onClick","decl":{"start":{"line":66,"column":56},"end":{"line":66,"column":94}},"loc":{"start":{"line":66,"column":56},"end":{"line":66,"column":94}},"line":66},"5":{"name":"onClick","decl":{"start":{"line":72,"column":44},"end":{"line":72,"column":78}},"loc":{"start":{"line":72,"column":44},"end":{"line":72,"column":78}},"line":72},"6":{"name":"onClick","decl":{"start":{"line":73,"column":44},"end":{"line":73,"column":78}},"loc":{"start":{"line":73,"column":44},"end":{"line":73,"column":78}},"line":73},"7":{"name":"onClick","decl":{"start":{"line":74,"column":45},"end":{"line":74,"column":80}},"loc":{"start":{"line":74,"column":45},"end":{"line":74,"column":80}},"line":74},"8":{"name":"onChange","decl":{"start":{"line":81,"column":24},"end":{"line":81,"column":61}},"loc":{"start":{"line":81,"column":24},"end":{"line":81,"column":61}},"line":81},"9":{"name":"closeModalState","decl":{"start":{"line":100,"column":25},"end":{"line":100,"column":47}},"loc":{"start":{"line":100,"column":25},"end":{"line":100,"column":47}},"line":100}},"f":{"0":16,"1":2,"2":1,"3":2,"4":2,"5":2,"6":0,"7":0,"8":2,"9":0}}
,"C:\\Users\\OsmondJain\\Desktop\\Team-Directory-App\\src\\helpers\\storageHelper.ts": {"path":"C:\\Users\\OsmondJain\\Desktop\\Team-Directory-App\\src\\helpers\\storageHelper.ts","all":false,"statementMap":{"1":{"start":{"line":2,"column":0},"end":{"line":2,"column":65}},"3":{"start":{"line":4,"column":0},"end":{"line":4,"column":65}},"4":{"start":{"line":5,"column":0},"end":{"line":5,"column":51}},"5":{"start":{"line":6,"column":0},"end":{"line":6,"column":16}},"6":{"start":{"line":7,"column":0},"end":{"line":7,"column":9}},"7":{"start":{"line":8,"column":0},"end":{"line":8,"column":33}},"8":{"start":{"line":9,"column":0},"end":{"line":9,"column":13}},"9":{"start":{"line":10,"column":0},"end":{"line":10,"column":59}},"10":{"start":{"line":11,"column":0},"end":{"line":11,"column":30}},"11":{"start":{"line":12,"column":0},"end":{"line":12,"column":5}},"12":{"start":{"line":13,"column":0},"end":{"line":13,"column":3}},"13":{"start":{"line":14,"column":0},"end":{"line":14,"column":26}},"14":{"start":{"line":15,"column":0},"end":{"line":15,"column":1}}},"s":{"1":1,"3":1,"4":6,"5":6,"6":5,"7":5,"8":5,"9":1,"10":1,"11":1,"12":5,"13":1,"14":1},"branchMap":{"0":{"type":"branch","line":4,"loc":{"start":{"line":4,"column":7},"end":{"line":15,"column":1}},"locations":[{"start":{"line":4,"column":7},"end":{"line":15,"column":1}}]},"1":{"type":"branch","line":6,"loc":{"start":{"line":6,"column":15},"end":{"line":13,"column":3}},"locations":[{"start":{"line":6,"column":15},"end":{"line":13,"column":3}}]},"2":{"type":"branch","line":9,"loc":{"start":{"line":9,"column":6},"end":{"line":12,"column":5}},"locations":[{"start":{"line":9,"column":6},"end":{"line":12,"column":5}}]},"3":{"type":"branch","line":13,"loc":{"start":{"line":13,"column":2},"end":{"line":15,"column":1}},"locations":[{"start":{"line":13,"column":2},"end":{"line":15,"column":1}}]}},"b":{"0":[6],"1":[5],"2":[1],"3":[1]},"fnMap":{"0":{"name":"getDatabaseFromLocalStorage","decl":{"start":{"line":4,"column":7},"end":{"line":15,"column":1}},"loc":{"start":{"line":4,"column":7},"end":{"line":15,"column":1}},"line":4}},"f":{"0":6}}
}
